<?xml version="1.0" encoding="UTF-8"?>
<testsuite xmlns:xsi="http://www.w3.org/2001/XMLSchema-instance" xsi:noNamespaceSchemaLocation="https://maven.apache.org/surefire/maven-surefire-plugin/xsd/surefire-test-report-3.0.xsd" version="3.0" name="MainTest" time="0.444" tests="6" errors="0" skipped="0" failures="0">
  <properties>
[...]
</properties>
  <testcase name="divideTest on divideTest(MainTest)" classname="MainTest" time="0.002"/>
  <testcase name="addTest on addTest(MainTest)" classname="MainTest" time="0"/>
  <testcase name="rootTest on rootTest(MainTest)" classname="MainTest" time="0"/>
  <testcase name="multiplyTest on multiplyTest(MainTest)" classname="MainTest" time="0"/>
  <testcase name="subtractTest on subtractTest(MainTest)" classname="MainTest" time="0"/>
  <testcase name="powerTest on powerTest(MainTest)" classname="MainTest" time="0"/>
</testsuite>